\BOOKMARK [0][-]{chapter*.1}{\376\377\000A\000c\000k\000n\000o\000w\000l\000e\000d\000g\000m\000e\000n\000t\000s}{}% 1
\BOOKMARK [0][-]{chapter*.2}{\376\377\000A\000b\000s\000t\000r\000a\000c\000t}{}% 2
\BOOKMARK [0][-]{chapter.1}{\376\377\000I\000n\000t\000r\000o\000d\000u\000c\000t\000i\000o\000n}{}% 3
\BOOKMARK [1][-]{section.1.1}{\376\377\000O\000v\000e\000r\000v\000i\000e\000w}{chapter.1}% 4
\BOOKMARK [1][-]{section.1.2}{\376\377\000B\000a\000c\000k\000g\000r\000o\000u\000n\000d\000\040\000o\000f\000\040\000t\000h\000e\000\040\000P\000r\000o\000j\000e\000c\000t}{chapter.1}% 5
\BOOKMARK [1][-]{section.1.3}{\376\377\000T\000a\000r\000g\000e\000t\000\040\000U\000s\000e\000r\000s}{chapter.1}% 6
\BOOKMARK [1][-]{section.1.4}{\376\377\000M\000o\000t\000i\000v\000a\000t\000i\000o\000n}{chapter.1}% 7
\BOOKMARK [1][-]{section.1.5}{\376\377\000E\000x\000p\000e\000c\000t\000e\000d\000\040\000B\000e\000n\000e\000f\000i\000t\000s}{chapter.1}% 8
\BOOKMARK [1][-]{section.1.6}{\376\377\000P\000r\000o\000b\000l\000e\000m\000\040\000S\000t\000a\000t\000e\000m\000e\000n\000t}{chapter.1}% 9
\BOOKMARK [1][-]{section.1.7}{\376\377\000P\000r\000o\000j\000e\000c\000t\000\040\000C\000o\000n\000t\000r\000i\000b\000u\000t\000i\000o\000n\000s}{chapter.1}% 10
\BOOKMARK [1][-]{section.1.8}{\376\377\000O\000b\000j\000e\000c\000t\000i\000v\000e\000s\000\040\000o\000f\000\040\000t\000h\000e\000\040\000P\000r\000o\000j\000e\000c\000t}{chapter.1}% 11
\BOOKMARK [1][-]{section.1.9}{\376\377\000M\000a\000i\000n\000\040\000F\000e\000a\000t\000u\000r\000e\000s}{chapter.1}% 12
\BOOKMARK [1][-]{section.1.10}{\376\377\000S\000c\000o\000p\000e\000\040\000a\000n\000d\000\040\000L\000i\000m\000i\000t\000a\000t\000i\000o\000n\000s}{chapter.1}% 13
\BOOKMARK [2][-]{subsection.1.10.1}{\376\377\000S\000c\000o\000p\000e}{section.1.10}% 14
\BOOKMARK [2][-]{subsection.1.10.2}{\376\377\000L\000i\000m\000i\000t\000a\000t\000i\000o\000n\000s}{section.1.10}% 15
\BOOKMARK [1][-]{section.1.11}{\376\377\000S\000y\000s\000t\000e\000m\000\040\000A\000r\000c\000h\000i\000t\000e\000c\000t\000u\000r\000e\000\040\000O\000v\000e\000r\000v\000i\000e\000w}{chapter.1}% 16
\BOOKMARK [1][-]{section.1.12}{\376\377\000M\000e\000t\000h\000o\000d\000o\000l\000o\000g\000y}{chapter.1}% 17
\BOOKMARK [2][-]{subsection.1.12.1}{\376\377\000M\000a\000i\000n\000\040\000P\000h\000a\000s\000e\000s}{section.1.12}% 18
\BOOKMARK [2][-]{subsection.1.12.2}{\376\377\000T\000o\000o\000l\000s\000\040\000a\000n\000d\000\040\000T\000e\000c\000h\000n\000o\000l\000o\000g\000i\000e\000s}{section.1.12}% 19
\BOOKMARK [1][-]{section.1.13}{\376\377\000P\000r\000o\000j\000e\000c\000t\000\040\000M\000a\000n\000a\000g\000e\000m\000e\000n\000t}{chapter.1}% 20
\BOOKMARK [2][-]{subsection.1.13.1}{\376\377\000T\000i\000m\000e\000l\000i\000n\000e\000\040\000a\000n\000d\000\040\000M\000i\000l\000e\000s\000t\000o\000n\000e\000s}{section.1.13}% 21
\BOOKMARK [2][-]{subsection.1.13.2}{\376\377\000T\000e\000a\000m\000\040\000R\000o\000l\000e\000s\000\040\000a\000n\000d\000\040\000R\000e\000s\000p\000o\000n\000s\000i\000b\000i\000l\000i\000t\000i\000e\000s}{section.1.13}% 22
\BOOKMARK [1][-]{subsection.1.13.2}{\376\377\000C\000h\000a\000p\000t\000e\000r\000\040\000S\000u\000m\000m\000a\000r\000y}{chapter.1}% 23
\BOOKMARK [0][-]{chapter.2}{\376\377\000L\000i\000t\000e\000r\000a\000t\000u\000r\000e\000\040\000R\000e\000v\000i\000e\000w}{}% 24
\BOOKMARK [1][-]{section.2.1}{\376\377\000O\000v\000e\000r\000v\000i\000e\000w}{chapter.2}% 25
\BOOKMARK [1][-]{section.2.2}{\376\377\000E\000x\000i\000s\000t\000i\000n\000g\000\040\000E\000-\000L\000e\000a\000r\000n\000i\000n\000g\000\040\000a\000n\000d\000\040\000A\000u\000d\000i\000o\000b\000o\000o\000k\000\040\000P\000l\000a\000t\000f\000o\000r\000m\000s}{chapter.2}% 26
\BOOKMARK [2][-]{subsection.2.2.1}{\376\377\000P\000o\000p\000u\000l\000a\000r\000\040\000A\000u\000d\000i\000o\000b\000o\000o\000k\000\040\000P\000l\000a\000t\000f\000o\000r\000m\000s}{section.2.2}% 27
\BOOKMARK [2][-]{subsection.2.2.2}{\376\377\000P\000o\000p\000u\000l\000a\000r\000\040\000E\000-\000L\000e\000a\000r\000n\000i\000n\000g\000\040\000P\000l\000a\000t\000f\000o\000r\000m\000s}{section.2.2}% 28
\BOOKMARK [1][-]{section.2.3}{\376\377\000C\000o\000m\000p\000a\000r\000i\000s\000o\000n\000\040\000o\000f\000\040\000T\000r\000a\000d\000i\000t\000i\000o\000n\000a\000l\000\040\000a\000n\000d\000\040\000A\000I\000-\000P\000o\000w\000e\000r\000e\000d\000\040\000P\000l\000a\000t\000f\000o\000r\000m\000s}{chapter.2}% 29
\BOOKMARK [1][-]{section.2.4}{\376\377\000A\000p\000p\000l\000i\000c\000a\000t\000i\000o\000n\000s\000\040\000o\000f\000\040\000A\000I\000\040\000i\000n\000\040\000E\000d\000u\000c\000a\000t\000i\000o\000n}{chapter.2}% 30
\BOOKMARK [1][-]{section.2.5}{\376\377\000R\000e\000c\000o\000m\000m\000e\000n\000d\000a\000t\000i\000o\000n\000\040\000S\000y\000s\000t\000e\000m\000s\000\040\000i\000n\000\040\000E\000-\000L\000e\000a\000r\000n\000i\000n\000g}{chapter.2}% 31
\BOOKMARK [1][-]{section.2.6}{\376\377\000R\000e\000t\000r\000i\000e\000v\000a\000l\000-\000A\000u\000g\000m\000e\000n\000t\000e\000d\000\040\000G\000e\000n\000e\000r\000a\000t\000i\000o\000n\000\040\000\050\000R\000A\000G\000\051\000\040\000a\000n\000d\000\040\000L\000a\000n\000g\000C\000h\000a\000i\000n}{chapter.2}% 32
\BOOKMARK [1][-]{section.2.7}{\376\377\000T\000e\000x\000t\000-\000t\000o\000-\000S\000p\000e\000e\000c\000h\000\040\000T\000e\000c\000h\000n\000o\000l\000o\000g\000i\000e\000s}{chapter.2}% 33
\BOOKMARK [1][-]{section.2.8}{\376\377\000F\000l\000u\000t\000t\000e\000r\000\040\000a\000s\000\040\000a\000\040\000C\000r\000o\000s\000s\000-\000P\000l\000a\000t\000f\000o\000r\000m\000\040\000F\000r\000a\000m\000e\000w\000o\000r\000k}{chapter.2}% 34
\BOOKMARK [1][-]{section.2.9}{\376\377\000R\000e\000l\000a\000t\000e\000d\000\040\000W\000o\000r\000k\000s}{chapter.2}% 35
\BOOKMARK [1][-]{section.2.10}{\376\377\000L\000i\000m\000i\000t\000a\000t\000i\000o\000n\000s\000\040\000o\000f\000\040\000E\000x\000i\000s\000t\000i\000n\000g\000\040\000S\000y\000s\000t\000e\000m\000s}{chapter.2}% 36
\BOOKMARK [1][-]{section.2.10}{\376\377\000C\000h\000a\000p\000t\000e\000r\000\040\000S\000u\000m\000m\000a\000r\000y}{chapter.2}% 37
\BOOKMARK [0][-]{chapter.3}{\376\377\000I\000n\000t\000e\000l\000l\000i\000g\000e\000n\000t\000\040\000F\000e\000a\000t\000u\000r\000e\000s\000\040\000o\000f\000\040\000t\000h\000e\000\040\000S\000y\000s\000t\000e\000m}{}% 38
\BOOKMARK [1][-]{section.3.1}{\376\377\000O\000v\000e\000r\000v\000i\000e\000w}{chapter.3}% 39
\BOOKMARK [1][-]{section.3.2}{\376\377\000E\000m\000b\000e\000d\000d\000i\000n\000g\000\040\000S\000e\000r\000v\000i\000c\000e\000\040\040\024\000\040\000S\000e\000m\000a\000n\000t\000i\000c\000\040\000V\000e\000c\000t\000o\000r\000i\000s\000a\000t\000i\000o\000n}{chapter.3}% 40
\BOOKMARK [2][-]{subsection.3.2.1}{\376\377\000D\000e\000s\000i\000g\000n\000\040\000R\000a\000t\000i\000o\000n\000a\000l\000e}{section.3.2}% 41
\BOOKMARK [2][-]{subsection.3.2.2}{\376\377\000E\000m\000b\000e\000d\000d\000i\000n\000g\000\040\000M\000o\000d\000e\000l\000:\000\040\000a\000l\000l\000-\000m\000p\000n\000e\000t\000-\000b\000a\000s\000e\000-\000v\0002}{section.3.2}% 42
\BOOKMARK [2][-]{subsection.3.2.3}{\376\377\000P\000r\000o\000c\000e\000s\000s\000i\000n\000g\000\040\000P\000i\000p\000e\000l\000i\000n\000e}{section.3.2}% 43
\BOOKMARK [1][-]{section.3.3}{\376\377\000S\000u\000m\000m\000a\000r\000i\000s\000a\000t\000i\000o\000n\000\040\000S\000e\000r\000v\000i\000c\000e}{chapter.3}% 44
\BOOKMARK [2][-]{subsection.3.3.1}{\376\377\000M\000o\000d\000e\000l\000:\000\040\000F\000L\000A\000N\000-\000T\0005\000-\000l\000a\000r\000g\000e}{section.3.3}% 45
\BOOKMARK [2][-]{subsection.3.3.2}{\376\377\000M\000a\000p\000-\000R\000e\000d\000u\000c\000e\000\040\000P\000i\000p\000e\000l\000i\000n\000e}{section.3.3}% 46
\BOOKMARK [1][-]{section.3.4}{\376\377\000R\000A\000G\000\040\000Q\000\046\000A\000\040\000S\000e\000r\000v\000i\000c\000e}{chapter.3}% 47
\BOOKMARK [2][-]{subsection.3.4.1}{\376\377\000A\000r\000c\000h\000i\000t\000e\000c\000t\000u\000r\000e}{section.3.4}% 48
\BOOKMARK [2][-]{subsection.3.4.2}{\376\377\000R\000e\000t\000r\000i\000e\000v\000e\000r\000\040\040\024\000\040\000S\000i\000m\000i\000l\000a\000r\000i\000t\000y\000\040\000T\000h\000r\000e\000s\000h\000o\000l\000d\000\040\000F\000i\000l\000t\000e\000r\000i\000n\000g}{section.3.4}% 49
\BOOKMARK [2][-]{subsection.3.4.3}{\376\377\000C\000h\000a\000i\000n\000\040\040\024\000\040\000G\000r\000o\000u\000n\000d\000e\000d\000\040\000P\000r\000o\000m\000p\000t\000i\000n\000g}{section.3.4}% 50
\BOOKMARK [2][-]{subsection.3.4.4}{\376\377\000S\000t\000r\000e\000a\000m\000i\000n\000g\000\040\040\024\000\040\000S\000e\000r\000v\000e\000r\000-\000S\000e\000n\000t\000\040\000E\000v\000e\000n\000t\000s\000\040\000\050\000S\000S\000E\000\051}{section.3.4}% 51
\BOOKMARK [1][-]{section.3.5}{\376\377\000T\000e\000x\000t\000-\000t\000o\000-\000S\000p\000e\000e\000c\000h\000\040\000P\000i\000p\000e\000l\000i\000n\000e}{chapter.3}% 52
\BOOKMARK [2][-]{subsection.3.5.1}{\376\377\000P\000i\000p\000e\000l\000i\000n\000e\000\040\000S\000t\000a\000g\000e\000s}{section.3.5}% 53
\BOOKMARK [2][-]{subsection.3.5.2}{\376\377\000F\000l\000u\000t\000t\000e\000r\000\040\000A\000u\000d\000i\000o\000\040\000P\000l\000a\000y\000e\000r}{section.3.5}% 54
\BOOKMARK [1][-]{section.3.6}{\376\377\000R\000e\000c\000o\000m\000m\000e\000n\000d\000a\000t\000i\000o\000n\000\040\000E\000n\000g\000i\000n\000e}{chapter.3}% 55
\BOOKMARK [2][-]{subsection.3.6.1}{\376\377\000D\000a\000t\000a\000\040\000S\000o\000u\000r\000c\000e\000s}{section.3.6}% 56
\BOOKMARK [2][-]{subsection.3.6.2}{\376\377\000A\000p\000p\000r\000o\000a\000c\000h}{section.3.6}% 57
\BOOKMARK [1][-]{section.3.7}{\376\377\000E\000t\000h\000i\000c\000a\000l\000\040\000C\000o\000n\000s\000i\000d\000e\000r\000a\000t\000i\000o\000n\000s}{chapter.3}% 58
\BOOKMARK [2][-]{subsection.3.7.1}{\376\377\000H\000a\000l\000l\000u\000c\000i\000n\000a\000t\000i\000o\000n\000\040\000M\000i\000t\000i\000g\000a\000t\000i\000o\000n}{section.3.7}% 59
\BOOKMARK [2][-]{subsection.3.7.2}{\376\377\000T\000r\000a\000n\000s\000p\000a\000r\000e\000n\000c\000y\000\040\000a\000n\000d\000\040\000S\000o\000u\000r\000c\000e\000\040\000A\000t\000t\000r\000i\000b\000u\000t\000i\000o\000n}{section.3.7}% 60
\BOOKMARK [2][-]{subsection.3.7.3}{\376\377\000C\000o\000n\000t\000e\000n\000t\000\040\000S\000c\000o\000p\000e\000\040\000a\000n\000d\000\040\000C\000o\000p\000y\000r\000i\000g\000h\000t}{section.3.7}% 61
\BOOKMARK [2][-]{subsection.3.7.4}{\376\377\000M\000o\000d\000e\000l\000\040\000B\000i\000a\000s\000\040\000a\000n\000d\000\040\000L\000i\000m\000i\000t\000a\000t\000i\000o\000n\000s}{section.3.7}% 62
\BOOKMARK [1][-]{subsection.3.7.4}{\376\377\000C\000h\000a\000p\000t\000e\000r\000\040\000S\000u\000m\000m\000a\000r\000y}{chapter.3}% 63
